21-06-26 07:40 DEBUG :App.TestApp3[main] DEBUG 
21-06-26 07:40 INFO :App.TestApp3[main] INFO 
21-06-26 07:40 WARN :App.TestApp3[main] WARN 
21-06-26 07:40 ERROR :App.TestApp3[main] ERR 
21-06-26 07:40 FATAL :App.TestApp3[main] FATAL 
21-06-26 07:53 DEBUG :App.TestApp3[main] DEBUG 
21-06-26 07:53 INFO :App.TestApp3[main] INFO 
21-06-26 07:53 WARN :App.TestApp3[main] WARN 
21-06-26 07:53 ERROR :App.TestApp3[main] ERR 
21-06-26 07:53 FATAL :App.TestApp3[main] FATAL 
21-06-26 07:54 DEBUG :App.TestApp3[main] DEBUG 
21-06-26 07:54 INFO :App.TestApp3[main] INFO 
21-06-26 07:54 WARN :App.TestApp3[main] WARN 
21-06-26 07:54 ERROR :App.TestApp3[main] ERR 
21-06-26 07:54 FATAL :App.TestApp3[main] FATAL 
21-06-26 08:02 DEBUG :App.TestApp3[main] DEBUG 
21-06-26 08:02 INFO :App.TestApp3[main] INFO 
21-06-26 08:02 WARN :App.TestApp3[main] WARN 
21-06-26 08:02 ERROR :App.TestApp3[main] ERR 
21-06-26 08:02 FATAL :App.TestApp3[main] FATAL 
21-06-26 08:03 DEBUG :App.TestApp3[main] DEBUG 
21-06-26 08:03 INFO :App.TestApp3[main] INFO 
21-06-26 08:03 WARN :App.TestApp3[main] WARN 
21-06-26 08:03 ERROR :App.TestApp3[main] ERR 
21-06-26 08:03 FATAL :App.TestApp3[main] FATAL 
21-06-26 08:04 DEBUG :App.TestApp3[main] DEBUG 
21-06-26 08:04 INFO :App.TestApp3[main] INFO 
21-06-26 08:04 WARN :App.TestApp3[main] WARN 
21-06-26 08:04 ERROR :App.TestApp3[main] ERR 
21-06-26 08:04 FATAL :App.TestApp3[main] FATAL 
21-06-26 08:06 DEBUG :App.TestApp3[main] DEBUG 
21-06-26 08:06 INFO :App.TestApp3[main] INFO 
21-06-26 08:06 WARN :App.TestApp3[main] WARN 
21-06-26 08:06 ERROR :App.TestApp3[main] ERR 
21-06-26 08:06 FATAL :App.TestApp3[main] FATAL 
21-06-26 08:07 DEBUG :App.TestApp3[main] DEBUG 
21-06-26 08:07 INFO :App.TestApp3[main] INFO 
21-06-26 08:07 WARN :App.TestApp3[main] WARN 
21-06-26 08:07 ERROR :App.TestApp3[main] ERR 
21-06-26 08:07 FATAL :App.TestApp3[main] FATAL 
